<?xml version="1.0" encoding="UTF-8"?>
<!-- Generated by org.testng.reporters.JUnitXMLReporter -->
<testsuite hostname="myMacs-MacBook-Pro.local" ignored="0" name="Command line test" tests="2" failures="1" timestamp="09 Feb 2018 20:14:43 GMT" time="21.023" errors="0">
  <testcase name="addToFavoritesTest" time="7.801" classname="com.ss.SearchTest"/>
  <testcase name="searchForItem" time="9.445" classname="com.ss.SearchTest">
    <failure type="org.openqa.selenium.NoSuchElementException" message="Cannot locate option with value: 4781
For documentation on this error, please visit: http://seleniumhq.org/exceptions/no_such_element.html
Build info: version: &amp;apos;3.8.1&amp;apos;, revision: &amp;apos;6e95a6684b&amp;apos;, time: &amp;apos;2017-12-01T18:33:54.468Z&amp;apos;
System info: host: &amp;apos;myMacs-MacBook-Pro.local&amp;apos;, ip: &amp;apos;fe80:0:0:0:8d3:d4bb:6c89:8439%en0&amp;apos;, os.name: &amp;apos;Mac OS X&amp;apos;, os.arch: &amp;apos;x86_64&amp;apos;, os.version: &amp;apos;10.12.6&amp;apos;, java.version: &amp;apos;1.8.0_161&amp;apos;
Driver info: driver.version: unknown">
      <![CDATA[org.openqa.selenium.NoSuchElementException: Cannot locate option with value: 4781For documentation on this error, please visit: http://seleniumhq.org/exceptions/no_such_element.htmlBuild info: version: '3.8.1', revision: '6e95a6684b', time: '2017-12-01T18:33:54.468Z'System info: host: 'myMacs-MacBook-Pro.local', ip: 'fe80:0:0:0:8d3:d4bb:6c89:8439%en0', os.name: 'Mac OS X', os.arch: 'x86_64', os.version: '10.12.6', java.version: '1.8.0_161'Driver info: driver.version: unknownat org.openqa.selenium.support.ui.Select.selectByValue(Select.java:209)at com.ss.pages.SearchPage.fillSearchForm(SearchPage.java:49)at com.ss.SearchTest.searchForItem(SearchTest.java:37)... Removed 34 stack frames]]>
    </failure>
  </testcase> <!-- searchForItem -->
</testsuite> <!-- Command line test -->
